<?xml version="1.0" encoding="UTF-8"?>
<!-- Generated by org.testng.reporters.JUnitReportReporter -->
<testsuite skipped="0" hostname="D-184003222" name="com.wipro.chcare.ccc.openCart002_OrderHistory" tests="6" failures="0" timestamp="15 Feb 2018 07:43:51 GMT" time="82.208" errors="0">
  <testcase name="orderHistory" time="41.677" classname="com.wipro.chcare.ccc.openCart002_OrderHistory"/>
  <testcase name="openApp" time="1.776" classname="com.wipro.chcare.ccc.openCart002_OrderHistory"/>
  <testcase name="checkOutConfirmOrder" time="23.749" classname="com.wipro.chcare.ccc.openCart002_OrderHistory"/>
  <testcase name="addToShoppingCart89and10" time="1.160" classname="com.wipro.chcare.ccc.openCart002_OrderHistory"/>
  <testcase name="loginApp" time="1.209" classname="com.wipro.chcare.ccc.openCart002_OrderHistory"/>
  <testcase name="homePageNavigation" time="12.637" classname="com.wipro.chcare.ccc.openCart002_OrderHistory"/>
</testsuite> <!-- com.wipro.chcare.ccc.openCart002_OrderHistory -->
