<?xml version="1.0" encoding="UTF-8"?>
<!-- Generated by org.testng.reporters.JUnitReportReporter -->
<testsuite skipped="0" hostname="D-184003222" name="com.wipro.chcare.ccc.openCart004_AddingPhonesToTheCart" tests="5" failures="0" timestamp="19 Feb 2018 09:49:51 GMT" time="110.537" errors="0">
  <testcase name="homePageNavigation" time="0.341" classname="com.wipro.chcare.ccc.openCart004_AddingPhonesToTheCart"/>
  <testcase name="AddingPhonesToTheCart" time="41.924" classname="com.wipro.chcare.ccc.openCart004_AddingPhonesToTheCart"/>
  <testcase name="billingDetails" time="60.816" classname="com.wipro.chcare.ccc.openCart004_AddingPhonesToTheCart"/>
  <testcase name="openApp" time="6.533" classname="com.wipro.chcare.ccc.openCart004_AddingPhonesToTheCart"/>
  <testcase name="loginApp" time="0.923" classname="com.wipro.chcare.ccc.openCart004_AddingPhonesToTheCart"/>
</testsuite> <!-- com.wipro.chcare.ccc.openCart004_AddingPhonesToTheCart -->
