<?xml version="1.0" encoding="UTF-8"?>
<!-- Generated by org.testng.reporters.JUnitReportReporter -->
<testsuite skipped="0" hostname="D-184003222" name="com.wipro.chcare.ccc.openCart001_Registration" tests="5" failures="0" timestamp="19 Feb 2018 09:49:51 GMT" time="157.625" errors="0">
  <testcase name="reviewProd" time="117.653" classname="com.wipro.chcare.ccc.openCart001_Registration"/>
  <testcase name="reviewProd" time="16.027" classname="com.wipro.chcare.ccc.openCart001_Registration"/>
  <testcase name="registration" time="10.435" classname="com.wipro.chcare.ccc.openCart001_Registration"/>
  <testcase name="addToWishList" time="12.334" classname="com.wipro.chcare.ccc.openCart001_Registration"/>
  <testcase name="openApp" time="1.176" classname="com.wipro.chcare.ccc.openCart001_Registration"/>
</testsuite> <!-- com.wipro.chcare.ccc.openCart001_Registration -->
